23/05/2020 06:32:28 PM - P01SearchGitHubCromox1Tests - INFO: === >> test1_google_github_cromox1_page started
23/05/2020 06:32:28 PM - P01SearchGitHubCromox1 - INFO: expectedURL ( https://www.google.co.uk ) VS currentURL ( https://www.google.co.uk )
23/05/2020 06:32:28 PM - TestStatus - INFO: ### VERIFICATION SUCCESSFUL -- Currently At Google Page Verified
23/05/2020 06:32:28 PM - TestStatus - INFO: ### VERIFICATION SUCCESSFUL -- google word Verified
23/05/2020 06:32:28 PM - P01SearchGitHubCromox1 - INFO: Element found - locator (q) + locatorType (name)
23/05/2020 06:32:28 PM - P01SearchGitHubCromox1 - INFO: Element = <selenium.webdriver.remote.webelement.WebElement (session="90c9032310fc349f899a5badb0e1c4ad", element="fab24af5-8c52-4d59-a45f-7f7b8d158e07")>
23/05/2020 06:32:28 PM - P01SearchGitHubCromox1 - INFO: Clicked on element - locator (q) + locatorType (name)
23/05/2020 06:32:28 PM - P01SearchGitHubCromox1 - INFO: Element found - locator (q) + locatorType (name)
23/05/2020 06:32:28 PM - P01SearchGitHubCromox1 - INFO: Element = <selenium.webdriver.remote.webelement.WebElement (session="90c9032310fc349f899a5badb0e1c4ad", element="fab24af5-8c52-4d59-a45f-7f7b8d158e07")>
23/05/2020 06:32:29 PM - P01SearchGitHubCromox1 - INFO: Sent data (b'github cromox1') on element - locator (q) + locatorType (name)
23/05/2020 06:32:29 PM - P01SearchGitHubCromox1 - INFO: Element found - locator (q) + locatorType (name)
23/05/2020 06:32:29 PM - P01SearchGitHubCromox1 - INFO: Element = <selenium.webdriver.remote.webelement.WebElement (session="90c9032310fc349f899a5badb0e1c4ad", element="fab24af5-8c52-4d59-a45f-7f7b8d158e07")>
23/05/2020 06:32:30 PM - P01SearchGitHubCromox1 - INFO: Sent data (b'+4Ac-') on element - locator (q) + locatorType (name)
23/05/2020 06:32:30 PM - P01SearchGitHubCromox1 - INFO: ElementList found - locator (//*[contains(text(),'cromox1 (Rosli Talib) · GitHub')]) + locatorType (xpath)
23/05/2020 06:32:30 PM - P01SearchGitHubCromox1 - INFO: ElementList count = 1
23/05/2020 06:32:32 PM - TestStatus - INFO: ### VERIFICATION SUCCESSFUL -- GitHub cromox1 word Verified
23/05/2020 06:32:32 PM - P01SearchGitHubCromox1 - INFO: expectedURL ( https://github.com/cromox1 ) VS currentURL ( https://github.com/cromox1 )
23/05/2020 06:32:32 PM - TestStatus - INFO: ### VERIFICATION SUCCESSFUL -- test1_google_github_cromox1_page
23/05/2020 06:32:32 PM - TestStatus - INFO: URL GitHub cromox1 verified passed ### TEST SUCCESSFUL
23/05/2020 06:32:32 PM - P01SearchGitHubCromox1Tests - INFO: === >> test2_github_cromox1_repo started
23/05/2020 06:32:32 PM - P01SearchGitHubCromox1 - INFO: expectedURL ( https://github.com/cromox1 ) VS currentURL ( https://github.com/cromox1 )
23/05/2020 06:32:32 PM - TestStatus - INFO: ### VERIFICATION SUCCESSFUL -- GitHub cromox1 URL Verified
23/05/2020 06:32:34 PM - P01SearchGitHubCromox1 - INFO: expectedURL ( https://github.com/cromox1?tab=repositories ) VS currentURL ( https://github.com/cromox1?tab=repositories )
23/05/2020 06:32:34 PM - TestStatus - INFO: ### VERIFICATION SUCCESSFUL -- GitHub cromox1 Repositories URL Verified
23/05/2020 06:32:34 PM - P01SearchGitHubCromox1 - INFO: ElementList found - locator (wb-break-all) + locatorType (class)
23/05/2020 06:32:34 PM - P01SearchGitHubCromox1 - INFO: ElementList count = 9
23/05/2020 06:32:34 PM - P01SearchGitHubCromox1 - INFO: Actual ( 9 ) >= Expected ( 1 )
23/05/2020 06:32:34 PM - TestStatus - INFO: ### VERIFICATION SUCCESSFUL -- Repositories exist i.e. more than 0
23/05/2020 06:32:34 PM - P01SearchGitHubCromox1 - INFO: Actual ( 9 ) == Expected ( 9 )
23/05/2020 06:32:34 PM - TestStatus - INFO: ### VERIFICATION SUCCESSFUL -- Repositories number verified
23/05/2020 06:32:34 PM - TestStatus - INFO: ### VERIFICATION SUCCESSFUL -- test2_github_cromox1_repo
23/05/2020 06:32:34 PM - TestStatus - INFO: GitHub cromox1 repositories verified passed ### TEST SUCCESSFUL
