29/09/2018 05:25:11 PM - P01SearchPixitMediaTests - INFO: test1_goto_google_page_started
29/09/2018 05:25:11 PM - P01SearchPixitMedia - INFO: expectedURL ( https://www.google.co.uk ) VS currentURL ( https://www.google.co.uk )
29/09/2018 05:25:11 PM - TestStatus - INFO: ### VERIFICATION SUCCESSFUL -- Currently At Google Page Verified
29/09/2018 05:25:11 PM - P01SearchPixitMedia - INFO: Element found - locator (lst-ib) + locatorType (id)
29/09/2018 05:25:11 PM - P01SearchPixitMedia - INFO: Clicked on element - locator (lst-ib) + locatorType (id)
29/09/2018 05:25:11 PM - P01SearchPixitMedia - INFO: Element found - locator (lst-ib) + locatorType (id)
29/09/2018 05:25:11 PM - P01SearchPixitMedia - INFO: Sent data (pixitmedia) on element - locator (lst-ib) + locatorType (id)
29/09/2018 05:25:11 PM - P01SearchPixitMedia - INFO: Element found - locator (//span[@class='lsbb']//input[@value='Google Search']) + locatorType (xpath)
29/09/2018 05:25:11 PM - P01SearchPixitMedia - INFO: Element present - locator (//span[@class='lsbb']//input[@value='Google Search']) + locatorType (xpath)
29/09/2018 05:25:11 PM - P01SearchPixitMedia - INFO: Element found - locator (//span[@class='lsbb']//input[@value='Google Search']) + locatorType (xpath)
29/09/2018 05:25:13 PM - P01SearchPixitMedia - INFO: Clicked on element - locator (//span[@class='lsbb']//input[@value='Google Search']) + locatorType (xpath)
29/09/2018 05:25:13 PM - P01SearchPixitMedia - INFO: Element found - locator (pixitmedia – High Performance Software Defined Storage) + locatorType (link)
29/09/2018 05:25:16 PM - P01SearchPixitMedia - INFO: Clicked on element - locator (pixitmedia – High Performance Software Defined Storage) + locatorType (link)
29/09/2018 05:25:21 PM - P01SearchPixitMedia - INFO: expectedURL ( https://www.pixitmedia.com ) VS currentURL ( https://www.pixitmedia.com )
29/09/2018 05:25:21 PM - TestStatus - INFO: ### VERIFICATION SUCCESSFUL -- test1_google_pixitmedia
29/09/2018 05:25:21 PM - TestStatus - INFO: now at pixitmedia page ### TEST SUCCESSFUL
29/09/2018 05:25:21 PM - P01SearchPixitMediaTests - INFO: test2_goto_pixstor_page_started
29/09/2018 05:25:21 PM - P01SearchPixitMedia - INFO: Element found - locator (//*[@id="menu-item-48"]/*/*) + locatorType (xpath)
29/09/2018 05:25:22 PM - P01SearchPixitMedia - INFO: Clicked on element - locator (//*[@id="menu-item-48"]/*/*) + locatorType (xpath)
29/09/2018 05:25:22 PM - P01SearchPixitMedia - INFO: Element found - locator (PixStor Search) + locatorType (link)
29/09/2018 05:25:25 PM - P01SearchPixitMedia - INFO: Clicked on element - locator (PixStor Search) + locatorType (link)
29/09/2018 05:25:25 PM - P01SearchPixitMedia - INFO: Element found - locator (//span[@class='elementor-button-text']) + locatorType (xpath)
29/09/2018 05:25:25 PM - P01SearchPixitMedia - INFO: Clicked on element - locator (//span[@class='elementor-button-text']) + locatorType (xpath)
29/09/2018 05:25:30 PM - TestStatus - INFO: ### VERIFICATION SUCCESSFUL -- File is bigger than 1000 bytes
29/09/2018 05:25:30 PM - TestStatus - INFO: ### VERIFICATION SUCCESSFUL -- File has Content-Type application/pdf
29/09/2018 05:25:30 PM - TestStatus - INFO: ### VERIFICATION SUCCESSFUL -- File is PDF format
29/09/2018 05:25:30 PM - P01SearchPixitMedia - INFO: expectedURL ( https://www.pixitmedia.com/wp-content/uploads/2018/03/PixStor-Search-Datasheet.pdf ) VS currentURL ( https://www.pixitmedia.com/wp-content/uploads/2018/03/PixStor-Search-Datasheet.pdf )
29/09/2018 05:25:30 PM - TestStatus - INFO: ### VERIFICATION SUCCESSFUL -- test2_products_page
29/09/2018 05:25:30 PM - TestStatus - INFO: Now view pdf doc ### TEST SUCCESSFUL
29/09/2018 05:25:32 PM - P01SearchPixitMediaTests - INFO: test3_fill_in_contactus_page_started
29/09/2018 05:25:32 PM - P01SearchPixitMedia - INFO: Element found - locator (//*[@id="menu-item-8974"]/*/*) + locatorType (xpath)
29/09/2018 05:25:33 PM - P01SearchPixitMedia - INFO: Clicked on element - locator (//*[@id="menu-item-8974"]/*/*) + locatorType (xpath)
29/09/2018 05:25:36 PM - P01SearchPixitMedia - INFO: expectedURL ( https://www.pixitmedia.com/contact-us/ ) VS currentURL ( https://www.pixitmedia.com/contact-us/ )
29/09/2018 05:25:36 PM - TestStatus - INFO: ### VERIFICATION SUCCESSFUL -- ContactUs URL Verified
29/09/2018 05:25:37 PM - P01SearchPixitMedia - INFO: Element found - locator (field_qh4icy2) + locatorType (id)
29/09/2018 05:25:37 PM - P01SearchPixitMedia - INFO: Clicked on element - locator (field_qh4icy2) + locatorType (id)
29/09/2018 05:25:37 PM - P01SearchPixitMedia - INFO: Element found - locator (field_qh4icy2) + locatorType (id)
29/09/2018 05:25:37 PM - P01SearchPixitMedia - INFO: Element found - locator (field_qh4icy2) + locatorType (id)
29/09/2018 05:25:37 PM - P01SearchPixitMedia - INFO: Sent data (Test1) on element - locator (field_qh4icy2) + locatorType (id)
29/09/2018 05:25:37 PM - P01SearchPixitMedia - INFO: Element found - locator (field_ocfup12) + locatorType (id)
29/09/2018 05:25:37 PM - P01SearchPixitMedia - INFO: Clicked on element - locator (field_ocfup12) + locatorType (id)
29/09/2018 05:25:37 PM - P01SearchPixitMedia - INFO: Element found - locator (field_ocfup12) + locatorType (id)
29/09/2018 05:25:37 PM - P01SearchPixitMedia - INFO: Element found - locator (field_ocfup12) + locatorType (id)
29/09/2018 05:25:37 PM - P01SearchPixitMedia - INFO: Sent data (Last1) on element - locator (field_ocfup12) + locatorType (id)
29/09/2018 05:25:37 PM - P01SearchPixitMedia - INFO: Element found - locator (field_29yf4d2) + locatorType (id)
29/09/2018 05:25:37 PM - P01SearchPixitMedia - INFO: Clicked on element - locator (field_29yf4d2) + locatorType (id)
29/09/2018 05:25:37 PM - P01SearchPixitMedia - INFO: Element found - locator (field_29yf4d2) + locatorType (id)
29/09/2018 05:25:37 PM - P01SearchPixitMedia - INFO: Element found - locator (field_29yf4d2) + locatorType (id)
29/09/2018 05:25:37 PM - P01SearchPixitMedia - INFO: Sent data (test123@gmail.com) on element - locator (field_29yf4d2) + locatorType (id)
29/09/2018 05:25:37 PM - P01SearchPixitMedia - INFO: Element found - locator (field_29yf4d2) + locatorType (id)
29/09/2018 05:25:37 PM - P01SearchPixitMedia - INFO: Element present - locator (field_29yf4d2) + locatorType (id)
29/09/2018 05:25:37 PM - P01SearchPixitMedia - DEBUG: In locator condition
29/09/2018 05:25:37 PM - P01SearchPixitMedia - INFO: Element found - locator (field_29yf4d2) + locatorType (id)
29/09/2018 05:25:37 PM - P01SearchPixitMedia - DEBUG: Before finding text
29/09/2018 05:25:37 PM - P01SearchPixitMedia - DEBUG: After finding element, size is = 17
29/09/2018 05:25:37 PM - P01SearchPixitMedia - INFO: Text is on the element - locator (field_29yf4d2) + locatorType (id)
29/09/2018 05:25:37 PM - P01SearchPixitMedia - INFO: The text is = 'test123@gmail.com'
29/09/2018 05:25:37 PM - TestStatus - INFO: ### VERIFICATION SUCCESSFUL -- Get email & verified
29/09/2018 05:25:37 PM - P01SearchPixitMedia - INFO: Element found - locator (field_fz52u) + locatorType (id)
29/09/2018 05:25:37 PM - P01SearchPixitMedia - INFO: Clicked on element - locator (field_fz52u) + locatorType (id)
29/09/2018 05:25:37 PM - P01SearchPixitMedia - INFO: Element found - locator (field_fz52u) + locatorType (id)
29/09/2018 05:25:37 PM - P01SearchPixitMedia - INFO: Element found - locator (field_fz52u) + locatorType (id)
29/09/2018 05:25:37 PM - P01SearchPixitMedia - INFO: Sent data (TesterOne) on element - locator (field_fz52u) + locatorType (id)
29/09/2018 05:25:37 PM - P01SearchPixitMedia - INFO: Element found - locator (field_yuy03) + locatorType (id)
29/09/2018 05:25:37 PM - P01SearchPixitMedia - INFO: Clicked on element - locator (field_yuy03) + locatorType (id)
29/09/2018 05:25:37 PM - P01SearchPixitMedia - INFO: Element found - locator (field_yuy03) + locatorType (id)
29/09/2018 05:25:38 PM - P01SearchPixitMedia - INFO: Element found - locator (field_yuy03) + locatorType (id)
29/09/2018 05:25:38 PM - P01SearchPixitMedia - INFO: Sent data (07777111222) on element - locator (field_yuy03) + locatorType (id)
29/09/2018 05:25:38 PM - P01SearchPixitMedia - INFO: Element found - locator (field_e6lis62) + locatorType (id)
29/09/2018 05:25:38 PM - P01SearchPixitMedia - INFO: Clicked on element - locator (field_e6lis62) + locatorType (id)
29/09/2018 05:25:38 PM - P01SearchPixitMedia - INFO: Element found - locator (field_e6lis62) + locatorType (id)
29/09/2018 05:25:38 PM - P01SearchPixitMedia - INFO: Element found - locator (field_e6lis62) + locatorType (id)
29/09/2018 05:25:38 PM - P01SearchPixitMedia - INFO: Sent data (Tester 123) on element - locator (field_e6lis62) + locatorType (id)
29/09/2018 05:25:38 PM - P01SearchPixitMedia - INFO: Element found - locator (field_9jv0r12) + locatorType (id)
29/09/2018 05:25:38 PM - P01SearchPixitMedia - INFO: Clicked on element - locator (field_9jv0r12) + locatorType (id)
29/09/2018 05:25:38 PM - P01SearchPixitMedia - INFO: Element found - locator (field_9jv0r12) + locatorType (id)
29/09/2018 05:25:38 PM - P01SearchPixitMedia - INFO: Element found - locator (field_9jv0r12) + locatorType (id)
29/09/2018 05:25:38 PM - P01SearchPixitMedia - INFO: Sent data (Cubaan 123) on element - locator (field_9jv0r12) + locatorType (id)
29/09/2018 05:25:38 PM - P01SearchPixitMedia - INFO: Element found - locator (field_9jv0r12) + locatorType (id)
29/09/2018 05:25:38 PM - P01SearchPixitMedia - INFO: Element present - locator (field_9jv0r12) + locatorType (id)
29/09/2018 05:25:38 PM - P01SearchPixitMedia - DEBUG: In locator condition
29/09/2018 05:25:38 PM - P01SearchPixitMedia - INFO: Element found - locator (field_9jv0r12) + locatorType (id)
29/09/2018 05:25:38 PM - P01SearchPixitMedia - DEBUG: Before finding text
29/09/2018 05:25:38 PM - P01SearchPixitMedia - DEBUG: After finding element, size is = 10
29/09/2018 05:25:38 PM - P01SearchPixitMedia - INFO: Text is on the element - locator (field_9jv0r12) + locatorType (id)
29/09/2018 05:25:38 PM - P01SearchPixitMedia - INFO: The text is = 'Cubaan 123'
29/09/2018 05:25:38 PM - TestStatus - INFO: ### VERIFICATION SUCCESSFUL -- test3_contactus_page
29/09/2018 05:25:38 PM - TestStatus - INFO: Contact Us page verified ### TEST SUCCESSFUL
